[32m[MyApp] 8432   - [39m5/26/2024, 8:42:33 AM [32m    LOG[39m [33m[NestMicroservice][39m [32mNest microservice successfully started[39m [33m+0ms[39m
[32m[MyApp] 8432   - [39m5/26/2024, 8:42:33 AM [32m    LOG[39m [33m[RoutesResolver][39m [32mAppController {/catalog}:[39m [33m+7ms[39m
[32m[MyApp] 8432   - [39m5/26/2024, 8:42:33 AM [32m    LOG[39m [33m[RouterExplorer][39m [32mMapped {/catalog, GET} route[39m [33m+3ms[39m
[32m[MyApp] 8432   - [39m5/26/2024, 8:42:33 AM [32m    LOG[39m [33m[RoutesResolver][39m [32mProductController {/catalog/product}:[39m [33m+1ms[39m
[32m[MyApp] 8432   - [39m5/26/2024, 8:42:33 AM [32m    LOG[39m [33m[RouterExplorer][39m [32mMapped {/catalog/product, GET} route[39m [33m+0ms[39m
[32m[MyApp] 8432   - [39m5/26/2024, 8:42:33 AM [32m    LOG[39m [33m[RouterExplorer][39m [32mMapped {/catalog/product/dump-data, GET} route[39m [33m+1ms[39m
[32m[MyApp] 8432   - [39m5/26/2024, 8:42:33 AM [32m    LOG[39m [33m[RouterExplorer][39m [32mMapped {/catalog/product/:id, GET} route[39m [33m+0ms[39m
[32m[MyApp] 8432   - [39m5/26/2024, 8:42:33 AM [32m    LOG[39m [33m[RoutesResolver][39m [32mCategoryController {/catalog/category}:[39m [33m+0ms[39m
[32m[MyApp] 8432   - [39m5/26/2024, 8:42:33 AM [32m    LOG[39m [33m[RouterExplorer][39m [32mMapped {/catalog/category, POST} route[39m [33m+1ms[39m
[32m[MyApp] 8432   - [39m5/26/2024, 8:42:33 AM [32m    LOG[39m [33m[NestApplication][39m [32mNest application successfully started[39m [33m+125ms[39m
[32m[MyApp] 14524  - [39m5/26/2024, 9:07:05 AM [32m    LOG[39m [33m[NestMicroservice][39m [32mNest microservice successfully started[39m [33m+0ms[39m
[32m[MyApp] 14524  - [39m5/26/2024, 9:07:05 AM [32m    LOG[39m [33m[RoutesResolver][39m [32mAppController {/catalog}:[39m [33m+6ms[39m
[32m[MyApp] 14524  - [39m5/26/2024, 9:07:05 AM [32m    LOG[39m [33m[RouterExplorer][39m [32mMapped {/catalog, GET} route[39m [33m+2ms[39m
[32m[MyApp] 14524  - [39m5/26/2024, 9:07:05 AM [32m    LOG[39m [33m[RoutesResolver][39m [32mProductController {/catalog/product}:[39m [33m+0ms[39m
[32m[MyApp] 14524  - [39m5/26/2024, 9:07:05 AM [32m    LOG[39m [33m[RouterExplorer][39m [32mMapped {/catalog/product, GET} route[39m [33m+1ms[39m
[32m[MyApp] 14524  - [39m5/26/2024, 9:07:05 AM [32m    LOG[39m [33m[RouterExplorer][39m [32mMapped {/catalog/product/dump-data, GET} route[39m [33m+1ms[39m
[32m[MyApp] 14524  - [39m5/26/2024, 9:07:05 AM [32m    LOG[39m [33m[RouterExplorer][39m [32mMapped {/catalog/product/:id, GET} route[39m [33m+0ms[39m
[32m[MyApp] 14524  - [39m5/26/2024, 9:07:05 AM [32m    LOG[39m [33m[RoutesResolver][39m [32mCategoryController {/catalog/category}:[39m [33m+0ms[39m
[32m[MyApp] 14524  - [39m5/26/2024, 9:07:05 AM [32m    LOG[39m [33m[RouterExplorer][39m [32mMapped {/catalog/category, POST} route[39m [33m+1ms[39m
[32m[MyApp] 14524  - [39m5/26/2024, 9:07:05 AM [32m    LOG[39m [33m[RoutesResolver][39m [32mPrometheusController {/catalog/metrics}:[39m [33m+1ms[39m
[32m[MyApp] 14524  - [39m5/26/2024, 9:07:05 AM [32m    LOG[39m [33m[RouterExplorer][39m [32mMapped {/metrics, GET} route[39m [33m+0ms[39m
[32m[MyApp] 14748  - [39m5/26/2024, 9:08:30 AM [32m    LOG[39m [33m[NestMicroservice][39m [32mNest microservice successfully started[39m [33m+0ms[39m
[32m[MyApp] 14748  - [39m5/26/2024, 9:08:30 AM [32m    LOG[39m [33m[RoutesResolver][39m [32mAppController {/catalog}:[39m [33m+16ms[39m
[32m[MyApp] 14748  - [39m5/26/2024, 9:08:30 AM [32m    LOG[39m [33m[RouterExplorer][39m [32mMapped {/catalog, GET} route[39m [33m+3ms[39m
[32m[MyApp] 14748  - [39m5/26/2024, 9:08:30 AM [32m    LOG[39m [33m[RoutesResolver][39m [32mProductController {/catalog/product}:[39m [33m+0ms[39m
[32m[MyApp] 14748  - [39m5/26/2024, 9:08:30 AM [32m    LOG[39m [33m[RouterExplorer][39m [32mMapped {/catalog/product, GET} route[39m [33m+2ms[39m
[32m[MyApp] 14748  - [39m5/26/2024, 9:08:30 AM [32m    LOG[39m [33m[RouterExplorer][39m [32mMapped {/catalog/product/dump-data, GET} route[39m [33m+2ms[39m
[32m[MyApp] 14748  - [39m5/26/2024, 9:08:30 AM [32m    LOG[39m [33m[RouterExplorer][39m [32mMapped {/catalog/product/:id, GET} route[39m [33m+1ms[39m
[32m[MyApp] 14748  - [39m5/26/2024, 9:08:30 AM [32m    LOG[39m [33m[RoutesResolver][39m [32mCategoryController {/catalog/category}:[39m [33m+1ms[39m
[32m[MyApp] 14748  - [39m5/26/2024, 9:08:30 AM [32m    LOG[39m [33m[RouterExplorer][39m [32mMapped {/catalog/category, POST} route[39m [33m+2ms[39m
[32m[MyApp] 14748  - [39m5/26/2024, 9:08:30 AM [32m    LOG[39m [33m[RoutesResolver][39m [32mPrometheusController {/catalog/metrics}:[39m [33m+1ms[39m
[32m[MyApp] 14748  - [39m5/26/2024, 9:08:30 AM [32m    LOG[39m [33m[RouterExplorer][39m [32mMapped {/metrics, GET} route[39m [33m+3ms[39m
[32m[MyApp] 14748  - [39m5/26/2024, 9:08:30 AM [32m    LOG[39m [33m[NestApplication][39m [32mNest application successfully started[39m [33m+325ms[39m
